---------------------cur_time:    1000----------------------------------
-------cur_portid:   0    bandwidth:1104.00 Mbps(0.50MPPS)--------
-------cur_portid:   1    bandwidth:0.00 Mbps(0.00MPPS)--------
-------cur_portid:   2    bandwidth:0.00 Mbps(0.00MPPS)--------
-------cur_portid:   3    bandwidth:0.00 Mbps(0.00MPPS)--------
-------total------------,    bandwidth:1104.00 Mbps(0.50MPPS)--------


---------------------cur_time:    2000----------------------------------
-------cur_portid:   0    bandwidth:1104.00 Mbps(0.50MPPS)--------
-------cur_portid:   1    bandwidth:0.00 Mbps(0.00MPPS)--------
-------cur_portid:   2    bandwidth:0.00 Mbps(0.00MPPS)--------
-------cur_portid:   3    bandwidth:0.00 Mbps(0.00MPPS)--------
-------total------------,    bandwidth:1104.00 Mbps(0.50MPPS)--------


---------------------cur_time:    3000----------------------------------
-------cur_portid:   0    bandwidth:1104.00 Mbps(0.50MPPS)--------
-------cur_portid:   1    bandwidth:0.00 Mbps(0.00MPPS)--------
-------cur_portid:   2    bandwidth:0.00 Mbps(0.00MPPS)--------
-------cur_portid:   3    bandwidth:0.00 Mbps(0.00MPPS)--------
-------total------------,    bandwidth:1104.00 Mbps(0.50MPPS)--------


---------------------cur_time:    4000----------------------------------
-------cur_portid:   0    bandwidth:1104.00 Mbps(0.50MPPS)--------
-------cur_portid:   1    bandwidth:0.00 Mbps(0.00MPPS)--------
-------cur_portid:   2    bandwidth:0.00 Mbps(0.00MPPS)--------
-------cur_portid:   3    bandwidth:0.00 Mbps(0.00MPPS)--------
-------total------------,    bandwidth:1104.00 Mbps(0.50MPPS)--------


---------------------cur_time:    5000----------------------------------
-------cur_portid:   0    bandwidth:1104.00 Mbps(0.50MPPS)--------
-------cur_portid:   1    bandwidth:0.00 Mbps(0.00MPPS)--------
-------cur_portid:   2    bandwidth:0.00 Mbps(0.00MPPS)--------
-------cur_portid:   3    bandwidth:0.00 Mbps(0.00MPPS)--------
-------total------------,    bandwidth:1104.00 Mbps(0.50MPPS)--------


---------------------cur_time:    6000----------------------------------
-------cur_portid:   0    bandwidth:1104.00 Mbps(0.50MPPS)--------
-------cur_portid:   1    bandwidth:0.00 Mbps(0.00MPPS)--------
-------cur_portid:   2    bandwidth:0.00 Mbps(0.00MPPS)--------
-------cur_portid:   3    bandwidth:0.00 Mbps(0.00MPPS)--------
-------total------------,    bandwidth:1104.00 Mbps(0.50MPPS)--------


---------------------cur_time:    7000----------------------------------
-------cur_portid:   0    bandwidth:1104.00 Mbps(0.50MPPS)--------
-------cur_portid:   1    bandwidth:0.00 Mbps(0.00MPPS)--------
-------cur_portid:   2    bandwidth:0.00 Mbps(0.00MPPS)--------
-------cur_portid:   3    bandwidth:0.00 Mbps(0.00MPPS)--------
-------total------------,    bandwidth:1104.00 Mbps(0.50MPPS)--------


---------------------cur_time:    8000----------------------------------
-------cur_portid:   0    bandwidth:1104.00 Mbps(0.50MPPS)--------
-------cur_portid:   1    bandwidth:0.00 Mbps(0.00MPPS)--------
-------cur_portid:   2    bandwidth:0.00 Mbps(0.00MPPS)--------
-------cur_portid:   3    bandwidth:0.00 Mbps(0.00MPPS)--------
-------total------------,    bandwidth:1104.00 Mbps(0.50MPPS)--------


---------------------cur_time:    9000----------------------------------
-------cur_portid:   0    bandwidth:1104.00 Mbps(0.50MPPS)--------
-------cur_portid:   1    bandwidth:0.00 Mbps(0.00MPPS)--------
-------cur_portid:   2    bandwidth:0.00 Mbps(0.00MPPS)--------
-------cur_portid:   3    bandwidth:0.00 Mbps(0.00MPPS)--------
-------total------------,    bandwidth:1104.00 Mbps(0.50MPPS)--------


---------------------cur_time:   10000----------------------------------
-------cur_portid:   0    bandwidth:1104.00 Mbps(0.50MPPS)--------
-------cur_portid:   1    bandwidth:0.00 Mbps(0.00MPPS)--------
-------cur_portid:   2    bandwidth:0.00 Mbps(0.00MPPS)--------
-------cur_portid:   3    bandwidth:0.00 Mbps(0.00MPPS)--------
-------total------------,    bandwidth:1104.00 Mbps(0.50MPPS)--------


---------------------cur_time:   11000----------------------------------
-------cur_portid:   0    bandwidth:1104.00 Mbps(0.50MPPS)--------
-------cur_portid:   1    bandwidth:0.00 Mbps(0.00MPPS)--------
-------cur_portid:   2    bandwidth:0.00 Mbps(0.00MPPS)--------
-------cur_portid:   3    bandwidth:0.00 Mbps(0.00MPPS)--------
-------total------------,    bandwidth:1104.00 Mbps(0.50MPPS)--------


---------------------cur_time:   12000----------------------------------
-------cur_portid:   0    bandwidth:1104.00 Mbps(0.50MPPS)--------
-------cur_portid:   1    bandwidth:0.00 Mbps(0.00MPPS)--------
-------cur_portid:   2    bandwidth:0.00 Mbps(0.00MPPS)--------
-------cur_portid:   3    bandwidth:0.00 Mbps(0.00MPPS)--------
-------total------------,    bandwidth:1104.00 Mbps(0.50MPPS)--------


---------------------cur_time:   13000----------------------------------
-------cur_portid:   0    bandwidth:1324.80 Mbps(0.60MPPS)--------
-------cur_portid:   1    bandwidth:0.00 Mbps(0.00MPPS)--------
-------cur_portid:   2    bandwidth:0.00 Mbps(0.00MPPS)--------
-------cur_portid:   3    bandwidth:0.00 Mbps(0.00MPPS)--------
-------total------------,    bandwidth:1324.80 Mbps(0.60MPPS)--------


---------------------cur_time:   14000----------------------------------
-------cur_portid:   0    bandwidth:1104.00 Mbps(0.50MPPS)--------
-------cur_portid:   1    bandwidth:0.00 Mbps(0.00MPPS)--------
-------cur_portid:   2    bandwidth:0.00 Mbps(0.00MPPS)--------
-------cur_portid:   3    bandwidth:0.00 Mbps(0.00MPPS)--------
-------total------------,    bandwidth:1104.00 Mbps(0.50MPPS)--------


---------------------cur_time:   15000----------------------------------
-------cur_portid:   0    bandwidth:1104.00 Mbps(0.50MPPS)--------
-------cur_portid:   1    bandwidth:0.00 Mbps(0.00MPPS)--------
-------cur_portid:   2    bandwidth:0.00 Mbps(0.00MPPS)--------
-------cur_portid:   3    bandwidth:0.00 Mbps(0.00MPPS)--------
-------total------------,    bandwidth:1104.00 Mbps(0.50MPPS)--------


---------------------cur_time:   16000----------------------------------
-------cur_portid:   0    bandwidth:1104.00 Mbps(0.50MPPS)--------
-------cur_portid:   1    bandwidth:0.00 Mbps(0.00MPPS)--------
-------cur_portid:   2    bandwidth:0.00 Mbps(0.00MPPS)--------
-------cur_portid:   3    bandwidth:0.00 Mbps(0.00MPPS)--------
-------total------------,    bandwidth:1104.00 Mbps(0.50MPPS)--------


---------------------cur_time:   17000----------------------------------
-------cur_portid:   0    bandwidth:1104.00 Mbps(0.50MPPS)--------
-------cur_portid:   1    bandwidth:0.00 Mbps(0.00MPPS)--------
-------cur_portid:   2    bandwidth:0.00 Mbps(0.00MPPS)--------
-------cur_portid:   3    bandwidth:0.00 Mbps(0.00MPPS)--------
-------total------------,    bandwidth:1104.00 Mbps(0.50MPPS)--------


---------------------cur_time:   18000----------------------------------
-------cur_portid:   0    bandwidth:1104.00 Mbps(0.50MPPS)--------
-------cur_portid:   1    bandwidth:0.00 Mbps(0.00MPPS)--------
-------cur_portid:   2    bandwidth:0.00 Mbps(0.00MPPS)--------
-------cur_portid:   3    bandwidth:0.00 Mbps(0.00MPPS)--------
-------total------------,    bandwidth:1104.00 Mbps(0.50MPPS)--------


---------------------cur_time:   19000----------------------------------
-------cur_portid:   0    bandwidth:1104.00 Mbps(0.50MPPS)--------
-------cur_portid:   1    bandwidth:0.00 Mbps(0.00MPPS)--------
-------cur_portid:   2    bandwidth:0.00 Mbps(0.00MPPS)--------
-------cur_portid:   3    bandwidth:0.00 Mbps(0.00MPPS)--------
-------total------------,    bandwidth:1104.00 Mbps(0.50MPPS)--------


---------------------cur_time:   20000----------------------------------
-------cur_portid:   0    bandwidth:1104.00 Mbps(0.50MPPS)--------
-------cur_portid:   1    bandwidth:0.00 Mbps(0.00MPPS)--------
-------cur_portid:   2    bandwidth:0.00 Mbps(0.00MPPS)--------
-------cur_portid:   3    bandwidth:0.00 Mbps(0.00MPPS)--------
-------total------------,    bandwidth:1104.00 Mbps(0.50MPPS)--------


---------------------cur_time:   21000----------------------------------
-------cur_portid:   0    bandwidth:1104.00 Mbps(0.50MPPS)--------
-------cur_portid:   1    bandwidth:0.00 Mbps(0.00MPPS)--------
-------cur_portid:   2    bandwidth:0.00 Mbps(0.00MPPS)--------
-------cur_portid:   3    bandwidth:0.00 Mbps(0.00MPPS)--------
-------total------------,    bandwidth:1104.00 Mbps(0.50MPPS)--------


---------------------cur_time:   22000----------------------------------
-------cur_portid:   0    bandwidth:1104.00 Mbps(0.50MPPS)--------
-------cur_portid:   1    bandwidth:0.00 Mbps(0.00MPPS)--------
-------cur_portid:   2    bandwidth:0.00 Mbps(0.00MPPS)--------
-------cur_portid:   3    bandwidth:0.00 Mbps(0.00MPPS)--------
-------total------------,    bandwidth:1104.00 Mbps(0.50MPPS)--------


---------------------cur_time:   23000----------------------------------
-------cur_portid:   0    bandwidth:1104.00 Mbps(0.50MPPS)--------
-------cur_portid:   1    bandwidth:0.00 Mbps(0.00MPPS)--------
-------cur_portid:   2    bandwidth:0.00 Mbps(0.00MPPS)--------
-------cur_portid:   3    bandwidth:0.00 Mbps(0.00MPPS)--------
-------total------------,    bandwidth:1104.00 Mbps(0.50MPPS)--------


---------------------cur_time:   24000----------------------------------
-------cur_portid:   0    bandwidth:1104.00 Mbps(0.50MPPS)--------
-------cur_portid:   1    bandwidth:0.00 Mbps(0.00MPPS)--------
-------cur_portid:   2    bandwidth:0.00 Mbps(0.00MPPS)--------
-------cur_portid:   3    bandwidth:0.00 Mbps(0.00MPPS)--------
-------total------------,    bandwidth:1104.00 Mbps(0.50MPPS)--------


---------------------cur_time:   25000----------------------------------
-------cur_portid:   0    bandwidth:1104.00 Mbps(0.50MPPS)--------
-------cur_portid:   1    bandwidth:0.00 Mbps(0.00MPPS)--------
-------cur_portid:   2    bandwidth:0.00 Mbps(0.00MPPS)--------
-------cur_portid:   3    bandwidth:0.00 Mbps(0.00MPPS)--------
-------total------------,    bandwidth:1104.00 Mbps(0.50MPPS)--------


---------------------cur_time:   26000----------------------------------
-------cur_portid:   0    bandwidth:1324.80 Mbps(0.60MPPS)--------
-------cur_portid:   1    bandwidth:0.00 Mbps(0.00MPPS)--------
-------cur_portid:   2    bandwidth:0.00 Mbps(0.00MPPS)--------
-------cur_portid:   3    bandwidth:0.00 Mbps(0.00MPPS)--------
-------total------------,    bandwidth:1324.80 Mbps(0.60MPPS)--------


---------------------cur_time:   27000----------------------------------
-------cur_portid:   0    bandwidth:1104.00 Mbps(0.50MPPS)--------
-------cur_portid:   1    bandwidth:0.00 Mbps(0.00MPPS)--------
-------cur_portid:   2    bandwidth:0.00 Mbps(0.00MPPS)--------
-------cur_portid:   3    bandwidth:0.00 Mbps(0.00MPPS)--------
-------total------------,    bandwidth:1104.00 Mbps(0.50MPPS)--------


---------------------cur_time:   28000----------------------------------
-------cur_portid:   0    bandwidth:1104.00 Mbps(0.50MPPS)--------
-------cur_portid:   1    bandwidth:0.00 Mbps(0.00MPPS)--------
-------cur_portid:   2    bandwidth:0.00 Mbps(0.00MPPS)--------
-------cur_portid:   3    bandwidth:0.00 Mbps(0.00MPPS)--------
-------total------------,    bandwidth:1104.00 Mbps(0.50MPPS)--------


---------------------cur_time:   29000----------------------------------
-------cur_portid:   0    bandwidth:1104.00 Mbps(0.50MPPS)--------
-------cur_portid:   1    bandwidth:0.00 Mbps(0.00MPPS)--------
-------cur_portid:   2    bandwidth:0.00 Mbps(0.00MPPS)--------
-------cur_portid:   3    bandwidth:0.00 Mbps(0.00MPPS)--------
-------total------------,    bandwidth:1104.00 Mbps(0.50MPPS)--------


---------------------cur_time:   30000----------------------------------
-------cur_portid:   0    bandwidth:1104.00 Mbps(0.50MPPS)--------
-------cur_portid:   1    bandwidth:0.00 Mbps(0.00MPPS)--------
-------cur_portid:   2    bandwidth:0.00 Mbps(0.00MPPS)--------
-------cur_portid:   3    bandwidth:0.00 Mbps(0.00MPPS)--------
-------total------------,    bandwidth:1104.00 Mbps(0.50MPPS)--------


---------------------cur_time:   31000----------------------------------
-------cur_portid:   0    bandwidth:1104.00 Mbps(0.50MPPS)--------
-------cur_portid:   1    bandwidth:0.00 Mbps(0.00MPPS)--------
-------cur_portid:   2    bandwidth:0.00 Mbps(0.00MPPS)--------
-------cur_portid:   3    bandwidth:0.00 Mbps(0.00MPPS)--------
-------total------------,    bandwidth:1104.00 Mbps(0.50MPPS)--------


---------------------cur_time:   32000----------------------------------
-------cur_portid:   0    bandwidth:1104.00 Mbps(0.50MPPS)--------
-------cur_portid:   1    bandwidth:0.00 Mbps(0.00MPPS)--------
-------cur_portid:   2    bandwidth:0.00 Mbps(0.00MPPS)--------
-------cur_portid:   3    bandwidth:0.00 Mbps(0.00MPPS)--------
-------total------------,    bandwidth:1104.00 Mbps(0.50MPPS)--------


---------------------cur_time:   33000----------------------------------
-------cur_portid:   0    bandwidth:1104.00 Mbps(0.50MPPS)--------
-------cur_portid:   1    bandwidth:0.00 Mbps(0.00MPPS)--------
-------cur_portid:   2    bandwidth:0.00 Mbps(0.00MPPS)--------
-------cur_portid:   3    bandwidth:0.00 Mbps(0.00MPPS)--------
-------total------------,    bandwidth:1104.00 Mbps(0.50MPPS)--------


---------------------cur_time:   34000----------------------------------
-------cur_portid:   0    bandwidth:1104.00 Mbps(0.50MPPS)--------
-------cur_portid:   1    bandwidth:0.00 Mbps(0.00MPPS)--------
-------cur_portid:   2    bandwidth:0.00 Mbps(0.00MPPS)--------
-------cur_portid:   3    bandwidth:0.00 Mbps(0.00MPPS)--------
-------total------------,    bandwidth:1104.00 Mbps(0.50MPPS)--------


---------------------cur_time:   35000----------------------------------
-------cur_portid:   0    bandwidth:1104.00 Mbps(0.50MPPS)--------
-------cur_portid:   1    bandwidth:0.00 Mbps(0.00MPPS)--------
-------cur_portid:   2    bandwidth:0.00 Mbps(0.00MPPS)--------
-------cur_portid:   3    bandwidth:0.00 Mbps(0.00MPPS)--------
-------total------------,    bandwidth:1104.00 Mbps(0.50MPPS)--------


---------------------cur_time:   36000----------------------------------
-------cur_portid:   0    bandwidth:1104.00 Mbps(0.50MPPS)--------
-------cur_portid:   1    bandwidth:0.00 Mbps(0.00MPPS)--------
-------cur_portid:   2    bandwidth:0.00 Mbps(0.00MPPS)--------
-------cur_portid:   3    bandwidth:0.00 Mbps(0.00MPPS)--------
-------total------------,    bandwidth:1104.00 Mbps(0.50MPPS)--------


---------------------cur_time:   37000----------------------------------
-------cur_portid:   0    bandwidth:1104.00 Mbps(0.50MPPS)--------
-------cur_portid:   1    bandwidth:0.00 Mbps(0.00MPPS)--------
-------cur_portid:   2    bandwidth:0.00 Mbps(0.00MPPS)--------
-------cur_portid:   3    bandwidth:0.00 Mbps(0.00MPPS)--------
-------total------------,    bandwidth:1104.00 Mbps(0.50MPPS)--------


---------------------cur_time:   38000----------------------------------
-------cur_portid:   0    bandwidth:1104.00 Mbps(0.50MPPS)--------
-------cur_portid:   1    bandwidth:0.00 Mbps(0.00MPPS)--------
-------cur_portid:   2    bandwidth:0.00 Mbps(0.00MPPS)--------
-------cur_portid:   3    bandwidth:0.00 Mbps(0.00MPPS)--------
-------total------------,    bandwidth:1104.00 Mbps(0.50MPPS)--------


---------------------cur_time:   39000----------------------------------
-------cur_portid:   0    bandwidth:1324.80 Mbps(0.60MPPS)--------
-------cur_portid:   1    bandwidth:0.00 Mbps(0.00MPPS)--------
-------cur_portid:   2    bandwidth:0.00 Mbps(0.00MPPS)--------
-------cur_portid:   3    bandwidth:0.00 Mbps(0.00MPPS)--------
-------total------------,    bandwidth:1324.80 Mbps(0.60MPPS)--------


---------------------cur_time:   40000----------------------------------
-------cur_portid:   0    bandwidth:1104.00 Mbps(0.50MPPS)--------
-------cur_portid:   1    bandwidth:0.00 Mbps(0.00MPPS)--------
-------cur_portid:   2    bandwidth:0.00 Mbps(0.00MPPS)--------
-------cur_portid:   3    bandwidth:0.00 Mbps(0.00MPPS)--------
-------total------------,    bandwidth:1104.00 Mbps(0.50MPPS)--------


---------------------cur_time:   41000----------------------------------
-------cur_portid:   0    bandwidth:1104.00 Mbps(0.50MPPS)--------
-------cur_portid:   1    bandwidth:0.00 Mbps(0.00MPPS)--------
-------cur_portid:   2    bandwidth:0.00 Mbps(0.00MPPS)--------
-------cur_portid:   3    bandwidth:0.00 Mbps(0.00MPPS)--------
-------total------------,    bandwidth:1104.00 Mbps(0.50MPPS)--------


---------------------cur_time:   42000----------------------------------
-------cur_portid:   0    bandwidth:1104.00 Mbps(0.50MPPS)--------
-------cur_portid:   1    bandwidth:0.00 Mbps(0.00MPPS)--------
-------cur_portid:   2    bandwidth:0.00 Mbps(0.00MPPS)--------
-------cur_portid:   3    bandwidth:0.00 Mbps(0.00MPPS)--------
-------total------------,    bandwidth:1104.00 Mbps(0.50MPPS)--------


---------------------cur_time:   43000----------------------------------
-------cur_portid:   0    bandwidth:1104.00 Mbps(0.50MPPS)--------
-------cur_portid:   1    bandwidth:0.00 Mbps(0.00MPPS)--------
-------cur_portid:   2    bandwidth:0.00 Mbps(0.00MPPS)--------
-------cur_portid:   3    bandwidth:0.00 Mbps(0.00MPPS)--------
-------total------------,    bandwidth:1104.00 Mbps(0.50MPPS)--------


---------------------cur_time:   44000----------------------------------
-------cur_portid:   0    bandwidth:1104.00 Mbps(0.50MPPS)--------
-------cur_portid:   1    bandwidth:0.00 Mbps(0.00MPPS)--------
-------cur_portid:   2    bandwidth:0.00 Mbps(0.00MPPS)--------
-------cur_portid:   3    bandwidth:0.00 Mbps(0.00MPPS)--------
-------total------------,    bandwidth:1104.00 Mbps(0.50MPPS)--------


---------------------cur_time:   45000----------------------------------
-------cur_portid:   0    bandwidth:1104.00 Mbps(0.50MPPS)--------
-------cur_portid:   1    bandwidth:0.00 Mbps(0.00MPPS)--------
-------cur_portid:   2    bandwidth:0.00 Mbps(0.00MPPS)--------
-------cur_portid:   3    bandwidth:0.00 Mbps(0.00MPPS)--------
-------total------------,    bandwidth:1104.00 Mbps(0.50MPPS)--------


---------------------cur_time:   46000----------------------------------
-------cur_portid:   0    bandwidth:1104.00 Mbps(0.50MPPS)--------
-------cur_portid:   1    bandwidth:0.00 Mbps(0.00MPPS)--------
-------cur_portid:   2    bandwidth:0.00 Mbps(0.00MPPS)--------
-------cur_portid:   3    bandwidth:0.00 Mbps(0.00MPPS)--------
-------total------------,    bandwidth:1104.00 Mbps(0.50MPPS)--------


---------------------cur_time:   47000----------------------------------
-------cur_portid:   0    bandwidth:1104.00 Mbps(0.50MPPS)--------
-------cur_portid:   1    bandwidth:0.00 Mbps(0.00MPPS)--------
-------cur_portid:   2    bandwidth:0.00 Mbps(0.00MPPS)--------
-------cur_portid:   3    bandwidth:0.00 Mbps(0.00MPPS)--------
-------total------------,    bandwidth:1104.00 Mbps(0.50MPPS)--------


---------------------cur_time:   48000----------------------------------
-------cur_portid:   0    bandwidth:1104.00 Mbps(0.50MPPS)--------
-------cur_portid:   1    bandwidth:0.00 Mbps(0.00MPPS)--------
-------cur_portid:   2    bandwidth:0.00 Mbps(0.00MPPS)--------
-------cur_portid:   3    bandwidth:0.00 Mbps(0.00MPPS)--------
-------total------------,    bandwidth:1104.00 Mbps(0.50MPPS)--------


---------------------cur_time:   49000----------------------------------
-------cur_portid:   0    bandwidth:1104.00 Mbps(0.50MPPS)--------
-------cur_portid:   1    bandwidth:0.00 Mbps(0.00MPPS)--------
-------cur_portid:   2    bandwidth:0.00 Mbps(0.00MPPS)--------
-------cur_portid:   3    bandwidth:0.00 Mbps(0.00MPPS)--------
-------total------------,    bandwidth:1104.00 Mbps(0.50MPPS)--------


---------------------cur_time:   50000----------------------------------
-------cur_portid:   0    bandwidth:1104.00 Mbps(0.50MPPS)--------
-------cur_portid:   1    bandwidth:0.00 Mbps(0.00MPPS)--------
-------cur_portid:   2    bandwidth:0.00 Mbps(0.00MPPS)--------
-------cur_portid:   3    bandwidth:0.00 Mbps(0.00MPPS)--------
-------total------------,    bandwidth:1104.00 Mbps(0.50MPPS)--------


---------------------cur_time:   51000----------------------------------
-------cur_portid:   0    bandwidth:1104.00 Mbps(0.50MPPS)--------
-------cur_portid:   1    bandwidth:0.00 Mbps(0.00MPPS)--------
-------cur_portid:   2    bandwidth:0.00 Mbps(0.00MPPS)--------
-------cur_portid:   3    bandwidth:0.00 Mbps(0.00MPPS)--------
-------total------------,    bandwidth:1104.00 Mbps(0.50MPPS)--------


---------------------cur_time:   52000----------------------------------
-------cur_portid:   0    bandwidth:1324.80 Mbps(0.60MPPS)--------
-------cur_portid:   1    bandwidth:0.00 Mbps(0.00MPPS)--------
-------cur_portid:   2    bandwidth:0.00 Mbps(0.00MPPS)--------
-------cur_portid:   3    bandwidth:0.00 Mbps(0.00MPPS)--------
-------total------------,    bandwidth:1324.80 Mbps(0.60MPPS)--------


---------------------cur_time:   53000----------------------------------
-------cur_portid:   0    bandwidth:1104.00 Mbps(0.50MPPS)--------
-------cur_portid:   1    bandwidth:0.00 Mbps(0.00MPPS)--------
-------cur_portid:   2    bandwidth:0.00 Mbps(0.00MPPS)--------
-------cur_portid:   3    bandwidth:0.00 Mbps(0.00MPPS)--------
-------total------------,    bandwidth:1104.00 Mbps(0.50MPPS)--------


---------------------cur_time:   54000----------------------------------
-------cur_portid:   0    bandwidth:1104.00 Mbps(0.50MPPS)--------
-------cur_portid:   1    bandwidth:0.00 Mbps(0.00MPPS)--------
-------cur_portid:   2    bandwidth:0.00 Mbps(0.00MPPS)--------
-------cur_portid:   3    bandwidth:0.00 Mbps(0.00MPPS)--------
-------total------------,    bandwidth:1104.00 Mbps(0.50MPPS)--------


---------------------cur_time:   55000----------------------------------
-------cur_portid:   0    bandwidth:1104.00 Mbps(0.50MPPS)--------
-------cur_portid:   1    bandwidth:0.00 Mbps(0.00MPPS)--------
-------cur_portid:   2    bandwidth:0.00 Mbps(0.00MPPS)--------
-------cur_portid:   3    bandwidth:0.00 Mbps(0.00MPPS)--------
-------total------------,    bandwidth:1104.00 Mbps(0.50MPPS)--------


---------------------cur_time:   56000----------------------------------
-------cur_portid:   0    bandwidth:1104.00 Mbps(0.50MPPS)--------
-------cur_portid:   1    bandwidth:0.00 Mbps(0.00MPPS)--------
-------cur_portid:   2    bandwidth:0.00 Mbps(0.00MPPS)--------
-------cur_portid:   3    bandwidth:0.00 Mbps(0.00MPPS)--------
-------total------------,    bandwidth:1104.00 Mbps(0.50MPPS)--------


---------------------cur_time:   57000----------------------------------
-------cur_portid:   0    bandwidth:1104.00 Mbps(0.50MPPS)--------
-------cur_portid:   1    bandwidth:0.00 Mbps(0.00MPPS)--------
-------cur_portid:   2    bandwidth:0.00 Mbps(0.00MPPS)--------
-------cur_portid:   3    bandwidth:0.00 Mbps(0.00MPPS)--------
-------total------------,    bandwidth:1104.00 Mbps(0.50MPPS)--------


---------------------cur_time:   58000----------------------------------
-------cur_portid:   0    bandwidth:1104.00 Mbps(0.50MPPS)--------
-------cur_portid:   1    bandwidth:0.00 Mbps(0.00MPPS)--------
-------cur_portid:   2    bandwidth:0.00 Mbps(0.00MPPS)--------
-------cur_portid:   3    bandwidth:0.00 Mbps(0.00MPPS)--------
-------total------------,    bandwidth:1104.00 Mbps(0.50MPPS)--------


---------------------cur_time:   59000----------------------------------
-------cur_portid:   0    bandwidth:1104.00 Mbps(0.50MPPS)--------
-------cur_portid:   1    bandwidth:0.00 Mbps(0.00MPPS)--------
-------cur_portid:   2    bandwidth:0.00 Mbps(0.00MPPS)--------
-------cur_portid:   3    bandwidth:0.00 Mbps(0.00MPPS)--------
-------total------------,    bandwidth:1104.00 Mbps(0.50MPPS)--------


---------------------cur_time:   60000----------------------------------
-------cur_portid:   0    bandwidth:1104.00 Mbps(0.50MPPS)--------
-------cur_portid:   1    bandwidth:0.00 Mbps(0.00MPPS)--------
-------cur_portid:   2    bandwidth:0.00 Mbps(0.00MPPS)--------
-------cur_portid:   3    bandwidth:0.00 Mbps(0.00MPPS)--------
-------total------------,    bandwidth:1104.00 Mbps(0.50MPPS)--------


---------------------cur_time:   61000----------------------------------
-------cur_portid:   0    bandwidth:1104.00 Mbps(0.50MPPS)--------
-------cur_portid:   1    bandwidth:0.00 Mbps(0.00MPPS)--------
-------cur_portid:   2    bandwidth:0.00 Mbps(0.00MPPS)--------
-------cur_portid:   3    bandwidth:0.00 Mbps(0.00MPPS)--------
-------total------------,    bandwidth:1104.00 Mbps(0.50MPPS)--------


---------------------cur_time:   62000----------------------------------
-------cur_portid:   0    bandwidth:1104.00 Mbps(0.50MPPS)--------
-------cur_portid:   1    bandwidth:0.00 Mbps(0.00MPPS)--------
-------cur_portid:   2    bandwidth:0.00 Mbps(0.00MPPS)--------
-------cur_portid:   3    bandwidth:0.00 Mbps(0.00MPPS)--------
-------total------------,    bandwidth:1104.00 Mbps(0.50MPPS)--------


---------------------cur_time:   63000----------------------------------
-------cur_portid:   0    bandwidth:1104.00 Mbps(0.50MPPS)--------
-------cur_portid:   1    bandwidth:0.00 Mbps(0.00MPPS)--------
-------cur_portid:   2    bandwidth:0.00 Mbps(0.00MPPS)--------
-------cur_portid:   3    bandwidth:0.00 Mbps(0.00MPPS)--------
-------total------------,    bandwidth:1104.00 Mbps(0.50MPPS)--------


---------------------cur_time:   64000----------------------------------
-------cur_portid:   0    bandwidth:1324.80 Mbps(0.60MPPS)--------
-------cur_portid:   1    bandwidth:0.00 Mbps(0.00MPPS)--------
-------cur_portid:   2    bandwidth:0.00 Mbps(0.00MPPS)--------
-------cur_portid:   3    bandwidth:0.00 Mbps(0.00MPPS)--------
-------total------------,    bandwidth:1324.80 Mbps(0.60MPPS)--------


---------------------cur_time:   65000----------------------------------
-------cur_portid:   0    bandwidth:1104.00 Mbps(0.50MPPS)--------
-------cur_portid:   1    bandwidth:0.00 Mbps(0.00MPPS)--------
-------cur_portid:   2    bandwidth:0.00 Mbps(0.00MPPS)--------
-------cur_portid:   3    bandwidth:0.00 Mbps(0.00MPPS)--------
-------total------------,    bandwidth:1104.00 Mbps(0.50MPPS)--------


---------------------cur_time:   66000----------------------------------
-------cur_portid:   0    bandwidth:1104.00 Mbps(0.50MPPS)--------
-------cur_portid:   1    bandwidth:0.00 Mbps(0.00MPPS)--------
-------cur_portid:   2    bandwidth:0.00 Mbps(0.00MPPS)--------
-------cur_portid:   3    bandwidth:0.00 Mbps(0.00MPPS)--------
-------total------------,    bandwidth:1104.00 Mbps(0.50MPPS)--------


---------------------cur_time:   67000----------------------------------
-------cur_portid:   0    bandwidth:1104.00 Mbps(0.50MPPS)--------
-------cur_portid:   1    bandwidth:0.00 Mbps(0.00MPPS)--------
-------cur_portid:   2    bandwidth:0.00 Mbps(0.00MPPS)--------
-------cur_portid:   3    bandwidth:0.00 Mbps(0.00MPPS)--------
-------total------------,    bandwidth:1104.00 Mbps(0.50MPPS)--------


---------------------cur_time:   68000----------------------------------
-------cur_portid:   0    bandwidth:1104.00 Mbps(0.50MPPS)--------
-------cur_portid:   1    bandwidth:0.00 Mbps(0.00MPPS)--------
-------cur_portid:   2    bandwidth:0.00 Mbps(0.00MPPS)--------
-------cur_portid:   3    bandwidth:0.00 Mbps(0.00MPPS)--------
-------total------------,    bandwidth:1104.00 Mbps(0.50MPPS)--------


---------------------cur_time:   69000----------------------------------
-------cur_portid:   0    bandwidth:1104.00 Mbps(0.50MPPS)--------
-------cur_portid:   1    bandwidth:0.00 Mbps(0.00MPPS)--------
-------cur_portid:   2    bandwidth:0.00 Mbps(0.00MPPS)--------
-------cur_portid:   3    bandwidth:0.00 Mbps(0.00MPPS)--------
-------total------------,    bandwidth:1104.00 Mbps(0.50MPPS)--------


---------------------cur_time:   70000----------------------------------
-------cur_portid:   0    bandwidth:1104.00 Mbps(0.50MPPS)--------
-------cur_portid:   1    bandwidth:0.00 Mbps(0.00MPPS)--------
-------cur_portid:   2    bandwidth:0.00 Mbps(0.00MPPS)--------
-------cur_portid:   3    bandwidth:0.00 Mbps(0.00MPPS)--------
-------total------------,    bandwidth:1104.00 Mbps(0.50MPPS)--------


---------------------cur_time:   71000----------------------------------
-------cur_portid:   0    bandwidth:1104.00 Mbps(0.50MPPS)--------
-------cur_portid:   1    bandwidth:0.00 Mbps(0.00MPPS)--------
-------cur_portid:   2    bandwidth:0.00 Mbps(0.00MPPS)--------
-------cur_portid:   3    bandwidth:0.00 Mbps(0.00MPPS)--------
-------total------------,    bandwidth:1104.00 Mbps(0.50MPPS)--------


---------------------cur_time:   72000----------------------------------
-------cur_portid:   0    bandwidth:1104.00 Mbps(0.50MPPS)--------
-------cur_portid:   1    bandwidth:0.00 Mbps(0.00MPPS)--------
-------cur_portid:   2    bandwidth:0.00 Mbps(0.00MPPS)--------
-------cur_portid:   3    bandwidth:0.00 Mbps(0.00MPPS)--------
-------total------------,    bandwidth:1104.00 Mbps(0.50MPPS)--------


---------------------cur_time:   73000----------------------------------
-------cur_portid:   0    bandwidth:1104.00 Mbps(0.50MPPS)--------
-------cur_portid:   1    bandwidth:0.00 Mbps(0.00MPPS)--------
-------cur_portid:   2    bandwidth:0.00 Mbps(0.00MPPS)--------
-------cur_portid:   3    bandwidth:0.00 Mbps(0.00MPPS)--------
-------total------------,    bandwidth:1104.00 Mbps(0.50MPPS)--------


---------------------cur_time:   74000----------------------------------
-------cur_portid:   0    bandwidth:1104.00 Mbps(0.50MPPS)--------
-------cur_portid:   1    bandwidth:0.00 Mbps(0.00MPPS)--------
-------cur_portid:   2    bandwidth:0.00 Mbps(0.00MPPS)--------
-------cur_portid:   3    bandwidth:0.00 Mbps(0.00MPPS)--------
-------total------------,    bandwidth:1104.00 Mbps(0.50MPPS)--------


---------------------cur_time:   75000----------------------------------
-------cur_portid:   0    bandwidth:1104.00 Mbps(0.50MPPS)--------
-------cur_portid:   1    bandwidth:0.00 Mbps(0.00MPPS)--------
-------cur_portid:   2    bandwidth:0.00 Mbps(0.00MPPS)--------
-------cur_portid:   3    bandwidth:0.00 Mbps(0.00MPPS)--------
-------total------------,    bandwidth:1104.00 Mbps(0.50MPPS)--------


---------------------cur_time:   76000----------------------------------
-------cur_portid:   0    bandwidth:1104.00 Mbps(0.50MPPS)--------
-------cur_portid:   1    bandwidth:0.00 Mbps(0.00MPPS)--------
-------cur_portid:   2    bandwidth:0.00 Mbps(0.00MPPS)--------
-------cur_portid:   3    bandwidth:0.00 Mbps(0.00MPPS)--------
-------total------------,    bandwidth:1104.00 Mbps(0.50MPPS)--------


---------------------cur_time:   77000----------------------------------
-------cur_portid:   0    bandwidth:1324.80 Mbps(0.60MPPS)--------
-------cur_portid:   1    bandwidth:0.00 Mbps(0.00MPPS)--------
-------cur_portid:   2    bandwidth:0.00 Mbps(0.00MPPS)--------
-------cur_portid:   3    bandwidth:0.00 Mbps(0.00MPPS)--------
-------total------------,    bandwidth:1324.80 Mbps(0.60MPPS)--------


---------------------cur_time:   78000----------------------------------
-------cur_portid:   0    bandwidth:1104.00 Mbps(0.50MPPS)--------
-------cur_portid:   1    bandwidth:0.00 Mbps(0.00MPPS)--------
-------cur_portid:   2    bandwidth:0.00 Mbps(0.00MPPS)--------
-------cur_portid:   3    bandwidth:0.00 Mbps(0.00MPPS)--------
-------total------------,    bandwidth:1104.00 Mbps(0.50MPPS)--------


---------------------cur_time:   79000----------------------------------
-------cur_portid:   0    bandwidth:1104.00 Mbps(0.50MPPS)--------
-------cur_portid:   1    bandwidth:0.00 Mbps(0.00MPPS)--------
-------cur_portid:   2    bandwidth:0.00 Mbps(0.00MPPS)--------
-------cur_portid:   3    bandwidth:0.00 Mbps(0.00MPPS)--------
-------total------------,    bandwidth:1104.00 Mbps(0.50MPPS)--------


---------------------cur_time:   80000----------------------------------
-------cur_portid:   0    bandwidth:1104.00 Mbps(0.50MPPS)--------
-------cur_portid:   1    bandwidth:0.00 Mbps(0.00MPPS)--------
-------cur_portid:   2    bandwidth:0.00 Mbps(0.00MPPS)--------
-------cur_portid:   3    bandwidth:0.00 Mbps(0.00MPPS)--------
-------total------------,    bandwidth:1104.00 Mbps(0.50MPPS)--------


---------------------cur_time:   81000----------------------------------
-------cur_portid:   0    bandwidth:1104.00 Mbps(0.50MPPS)--------
-------cur_portid:   1    bandwidth:0.00 Mbps(0.00MPPS)--------
-------cur_portid:   2    bandwidth:0.00 Mbps(0.00MPPS)--------
-------cur_portid:   3    bandwidth:0.00 Mbps(0.00MPPS)--------
-------total------------,    bandwidth:1104.00 Mbps(0.50MPPS)--------


---------------------cur_time:   82000----------------------------------
-------cur_portid:   0    bandwidth:1104.00 Mbps(0.50MPPS)--------
-------cur_portid:   1    bandwidth:0.00 Mbps(0.00MPPS)--------
-------cur_portid:   2    bandwidth:0.00 Mbps(0.00MPPS)--------
-------cur_portid:   3    bandwidth:0.00 Mbps(0.00MPPS)--------
-------total------------,    bandwidth:1104.00 Mbps(0.50MPPS)--------


---------------------cur_time:   83000----------------------------------
-------cur_portid:   0    bandwidth:1104.00 Mbps(0.50MPPS)--------
-------cur_portid:   1    bandwidth:0.00 Mbps(0.00MPPS)--------
-------cur_portid:   2    bandwidth:0.00 Mbps(0.00MPPS)--------
-------cur_portid:   3    bandwidth:0.00 Mbps(0.00MPPS)--------
-------total------------,    bandwidth:1104.00 Mbps(0.50MPPS)--------


---------------------cur_time:   84000----------------------------------
-------cur_portid:   0    bandwidth:1104.00 Mbps(0.50MPPS)--------
-------cur_portid:   1    bandwidth:0.00 Mbps(0.00MPPS)--------
-------cur_portid:   2    bandwidth:0.00 Mbps(0.00MPPS)--------
-------cur_portid:   3    bandwidth:0.00 Mbps(0.00MPPS)--------
-------total------------,    bandwidth:1104.00 Mbps(0.50MPPS)--------


---------------------cur_time:   85000----------------------------------
-------cur_portid:   0    bandwidth:1104.00 Mbps(0.50MPPS)--------
-------cur_portid:   1    bandwidth:0.00 Mbps(0.00MPPS)--------
-------cur_portid:   2    bandwidth:0.00 Mbps(0.00MPPS)--------
-------cur_portid:   3    bandwidth:0.00 Mbps(0.00MPPS)--------
-------total------------,    bandwidth:1104.00 Mbps(0.50MPPS)--------


---------------------cur_time:   86000----------------------------------
-------cur_portid:   0    bandwidth:1104.00 Mbps(0.50MPPS)--------
-------cur_portid:   1    bandwidth:0.00 Mbps(0.00MPPS)--------
-------cur_portid:   2    bandwidth:0.00 Mbps(0.00MPPS)--------
-------cur_portid:   3    bandwidth:0.00 Mbps(0.00MPPS)--------
-------total------------,    bandwidth:1104.00 Mbps(0.50MPPS)--------


---------------------cur_time:   87000----------------------------------
-------cur_portid:   0    bandwidth:1104.00 Mbps(0.50MPPS)--------
-------cur_portid:   1    bandwidth:0.00 Mbps(0.00MPPS)--------
-------cur_portid:   2    bandwidth:0.00 Mbps(0.00MPPS)--------
-------cur_portid:   3    bandwidth:0.00 Mbps(0.00MPPS)--------
-------total------------,    bandwidth:1104.00 Mbps(0.50MPPS)--------


---------------------cur_time:   88000----------------------------------
-------cur_portid:   0    bandwidth:1104.00 Mbps(0.50MPPS)--------
-------cur_portid:   1    bandwidth:0.00 Mbps(0.00MPPS)--------
-------cur_portid:   2    bandwidth:0.00 Mbps(0.00MPPS)--------
-------cur_portid:   3    bandwidth:0.00 Mbps(0.00MPPS)--------
-------total------------,    bandwidth:1104.00 Mbps(0.50MPPS)--------


---------------------cur_time:   89000----------------------------------
-------cur_portid:   0    bandwidth:1104.00 Mbps(0.50MPPS)--------
-------cur_portid:   1    bandwidth:0.00 Mbps(0.00MPPS)--------
-------cur_portid:   2    bandwidth:0.00 Mbps(0.00MPPS)--------
-------cur_portid:   3    bandwidth:0.00 Mbps(0.00MPPS)--------
-------total------------,    bandwidth:1104.00 Mbps(0.50MPPS)--------


---------------------cur_time:   90000----------------------------------
-------cur_portid:   0    bandwidth:1324.80 Mbps(0.60MPPS)--------
-------cur_portid:   1    bandwidth:0.00 Mbps(0.00MPPS)--------
-------cur_portid:   2    bandwidth:0.00 Mbps(0.00MPPS)--------
-------cur_portid:   3    bandwidth:0.00 Mbps(0.00MPPS)--------
-------total------------,    bandwidth:1324.80 Mbps(0.60MPPS)--------


---------------------cur_time:   91000----------------------------------
-------cur_portid:   0    bandwidth:1104.00 Mbps(0.50MPPS)--------
-------cur_portid:   1    bandwidth:0.00 Mbps(0.00MPPS)--------
-------cur_portid:   2    bandwidth:0.00 Mbps(0.00MPPS)--------
-------cur_portid:   3    bandwidth:0.00 Mbps(0.00MPPS)--------
-------total------------,    bandwidth:1104.00 Mbps(0.50MPPS)--------


---------------------cur_time:   92000----------------------------------
-------cur_portid:   0    bandwidth:1104.00 Mbps(0.50MPPS)--------
-------cur_portid:   1    bandwidth:0.00 Mbps(0.00MPPS)--------
-------cur_portid:   2    bandwidth:0.00 Mbps(0.00MPPS)--------
-------cur_portid:   3    bandwidth:0.00 Mbps(0.00MPPS)--------
-------total------------,    bandwidth:1104.00 Mbps(0.50MPPS)--------


---------------------cur_time:   93000----------------------------------
-------cur_portid:   0    bandwidth:1104.00 Mbps(0.50MPPS)--------
-------cur_portid:   1    bandwidth:0.00 Mbps(0.00MPPS)--------
-------cur_portid:   2    bandwidth:0.00 Mbps(0.00MPPS)--------
-------cur_portid:   3    bandwidth:0.00 Mbps(0.00MPPS)--------
-------total------------,    bandwidth:1104.00 Mbps(0.50MPPS)--------


---------------------cur_time:   94000----------------------------------
-------cur_portid:   0    bandwidth:1104.00 Mbps(0.50MPPS)--------
-------cur_portid:   1    bandwidth:0.00 Mbps(0.00MPPS)--------
-------cur_portid:   2    bandwidth:0.00 Mbps(0.00MPPS)--------
-------cur_portid:   3    bandwidth:0.00 Mbps(0.00MPPS)--------
-------total------------,    bandwidth:1104.00 Mbps(0.50MPPS)--------


---------------------cur_time:   95000----------------------------------
-------cur_portid:   0    bandwidth:1104.00 Mbps(0.50MPPS)--------
-------cur_portid:   1    bandwidth:0.00 Mbps(0.00MPPS)--------
-------cur_portid:   2    bandwidth:0.00 Mbps(0.00MPPS)--------
-------cur_portid:   3    bandwidth:0.00 Mbps(0.00MPPS)--------
-------total------------,    bandwidth:1104.00 Mbps(0.50MPPS)--------


---------------------cur_time:   96000----------------------------------
-------cur_portid:   0    bandwidth:1104.00 Mbps(0.50MPPS)--------
-------cur_portid:   1    bandwidth:0.00 Mbps(0.00MPPS)--------
-------cur_portid:   2    bandwidth:0.00 Mbps(0.00MPPS)--------
-------cur_portid:   3    bandwidth:0.00 Mbps(0.00MPPS)--------
-------total------------,    bandwidth:1104.00 Mbps(0.50MPPS)--------


---------------------cur_time:   97000----------------------------------
-------cur_portid:   0    bandwidth:1104.00 Mbps(0.50MPPS)--------
-------cur_portid:   1    bandwidth:0.00 Mbps(0.00MPPS)--------
-------cur_portid:   2    bandwidth:0.00 Mbps(0.00MPPS)--------
-------cur_portid:   3    bandwidth:0.00 Mbps(0.00MPPS)--------
-------total------------,    bandwidth:1104.00 Mbps(0.50MPPS)--------


---------------------cur_time:   98000----------------------------------
-------cur_portid:   0    bandwidth:1104.00 Mbps(0.50MPPS)--------
-------cur_portid:   1    bandwidth:0.00 Mbps(0.00MPPS)--------
-------cur_portid:   2    bandwidth:0.00 Mbps(0.00MPPS)--------
-------cur_portid:   3    bandwidth:0.00 Mbps(0.00MPPS)--------
-------total------------,    bandwidth:1104.00 Mbps(0.50MPPS)--------


---------------------cur_time:   99000----------------------------------
-------cur_portid:   0    bandwidth:1104.00 Mbps(0.50MPPS)--------
-------cur_portid:   1    bandwidth:0.00 Mbps(0.00MPPS)--------
-------cur_portid:   2    bandwidth:0.00 Mbps(0.00MPPS)--------
-------cur_portid:   3    bandwidth:0.00 Mbps(0.00MPPS)--------
-------total------------,    bandwidth:1104.00 Mbps(0.50MPPS)--------


---------------------cur_time:  100000----------------------------------
-------cur_portid:   0    bandwidth:1104.00 Mbps(0.50MPPS)--------
-------cur_portid:   1    bandwidth:0.00 Mbps(0.00MPPS)--------
-------cur_portid:   2    bandwidth:0.00 Mbps(0.00MPPS)--------
-------cur_portid:   3    bandwidth:0.00 Mbps(0.00MPPS)--------
-------total------------,    bandwidth:1104.00 Mbps(0.50MPPS)--------


